<?xml version="1.0" encoding="UTF-8"?>
<testng-results skipped="0" failed="0" total="1" passed="1">
  <reporter-output>
  </reporter-output>
  <suite name="Default suite" duration-ms="17218" started-at="2018-05-07T09:03:27Z" finished-at="2018-05-07T09:03:44Z">
    <groups>
    </groups>
    <test name="Default test" duration-ms="17218" started-at="2018-05-07T09:03:27Z" finished-at="2018-05-07T09:03:44Z">
      <class name="picsapplication.Pics">
        <test-method status="PASS" signature="Chrome()[pri:0, instance:picsapplication.Pics@9629756]" name="Chrome" is-config="true" duration-ms="4068" started-at="2018-05-07T14:33:27Z" finished-at="2018-05-07T14:33:31Z">
          <reporter-output>
          </reporter-output>
        </test-method> <!-- Chrome -->
        <test-method status="PASS" signature="Login()[pri:0, instance:picsapplication.Pics@9629756]" name="Login" duration-ms="13145" started-at="2018-05-07T14:33:31Z" finished-at="2018-05-07T14:33:44Z">
          <reporter-output>
          </reporter-output>
        </test-method> <!-- Login -->
      </class> <!-- picsapplication.Pics -->
    </test> <!-- Default test -->
  </suite> <!-- Default suite -->
</testng-results>
